[debug] [2026-03-09T22:41:08.436Z] ----------------------------------------------------------------------
[debug] [2026-03-09T22:41:08.439Z] Command:       C:\Program Files\nodejs\node.exe C:\Users\carlo\AppData\Roaming\npm\node_modules\firebase-tools\lib\bin\firebase.js deploy --only functions
[debug] [2026-03-09T22:41:08.440Z] CLI Version:   15.9.0
[debug] [2026-03-09T22:41:08.440Z] Platform:      win32
[debug] [2026-03-09T22:41:08.440Z] Node Version:  v22.13.1
[debug] [2026-03-09T22:41:08.440Z] Time:          Mon Mar 09 2026 19:41:08 GMT-0300 (Horário Padrão de Brasília)
[debug] [2026-03-09T22:41:08.440Z] ----------------------------------------------------------------------
[debug] 
[debug] [2026-03-09T22:41:10.205Z] > command requires scopes: ["email","openid","https://www.googleapis.com/auth/cloudplatformprojects.readonly","https://www.googleapis.com/auth/firebase","https://www.googleapis.com/auth/cloud-platform"]
[debug] [2026-03-09T22:41:10.205Z] > authorizing via signed-in user (carlospessin@gmail.com)
[debug] [2026-03-09T22:41:10.206Z] [iam] checking project curuka-6367a for permissions ["cloudfunctions.functions.create","cloudfunctions.functions.delete","cloudfunctions.functions.get","cloudfunctions.functions.list","cloudfunctions.functions.update","cloudfunctions.operations.get","firebase.projects.get"]
[debug] [2026-03-09T22:41:10.207Z] Checked if tokens are valid: true, expires at: 1773098978835
[debug] [2026-03-09T22:41:10.207Z] Checked if tokens are valid: true, expires at: 1773098978835
[debug] [2026-03-09T22:41:10.207Z] >>> [apiv2][query] POST https://cloudresourcemanager.googleapis.com/v1/projects/curuka-6367a:testIamPermissions [none]
[debug] [2026-03-09T22:41:10.208Z] >>> [apiv2][(partial)header] POST https://cloudresourcemanager.googleapis.com/v1/projects/curuka-6367a:testIamPermissions  x-goog-user-project=curuka-6367a
[debug] [2026-03-09T22:41:10.208Z] >>> [apiv2][body] POST https://cloudresourcemanager.googleapis.com/v1/projects/curuka-6367a:testIamPermissions {"permissions":["cloudfunctions.functions.create","cloudfunctions.functions.delete","cloudfunctions.functions.get","cloudfunctions.functions.list","cloudfunctions.functions.update","cloudfunctions.operations.get","firebase.projects.get"]}
[debug] [2026-03-09T22:41:11.204Z] <<< [apiv2][status] POST https://cloudresourcemanager.googleapis.com/v1/projects/curuka-6367a:testIamPermissions 200
[debug] [2026-03-09T22:41:11.205Z] <<< [apiv2][body] POST https://cloudresourcemanager.googleapis.com/v1/projects/curuka-6367a:testIamPermissions {"permissions":["cloudfunctions.functions.create","cloudfunctions.functions.delete","cloudfunctions.functions.get","cloudfunctions.functions.list","cloudfunctions.functions.update","cloudfunctions.operations.get","firebase.projects.get"]}
[debug] [2026-03-09T22:41:11.205Z] Checked if tokens are valid: true, expires at: 1773098978835
[debug] [2026-03-09T22:41:11.205Z] Checked if tokens are valid: true, expires at: 1773098978835
[debug] [2026-03-09T22:41:11.205Z] >>> [apiv2][query] POST https://iam.googleapis.com/v1/projects/curuka-6367a/serviceAccounts/curuka-6367a@appspot.gserviceaccount.com:testIamPermissions [none]
[debug] [2026-03-09T22:41:11.205Z] >>> [apiv2][body] POST https://iam.googleapis.com/v1/projects/curuka-6367a/serviceAccounts/curuka-6367a@appspot.gserviceaccount.com:testIamPermissions {"permissions":["iam.serviceAccounts.actAs"]}
[debug] [2026-03-09T22:41:12.131Z] <<< [apiv2][status] POST https://iam.googleapis.com/v1/projects/curuka-6367a/serviceAccounts/curuka-6367a@appspot.gserviceaccount.com:testIamPermissions 200
[debug] [2026-03-09T22:41:12.131Z] <<< [apiv2][body] POST https://iam.googleapis.com/v1/projects/curuka-6367a/serviceAccounts/curuka-6367a@appspot.gserviceaccount.com:testIamPermissions {"permissions":["iam.serviceAccounts.actAs"]}
[info] 
[info] === Deploying to 'curuka-6367a'...
[info] 
[info] i  deploying functions 
[debug] [2026-03-09T22:41:12.136Z] Checked if tokens are valid: true, expires at: 1773098978835
[debug] [2026-03-09T22:41:12.136Z] Checked if tokens are valid: true, expires at: 1773098978835
[debug] [2026-03-09T22:41:12.136Z] >>> [apiv2][query] GET https://cloudresourcemanager.googleapis.com/v1/projects/curuka-6367a [none]
[debug] [2026-03-09T22:41:12.359Z] <<< [apiv2][status] GET https://cloudresourcemanager.googleapis.com/v1/projects/curuka-6367a 200
[debug] [2026-03-09T22:41:12.359Z] <<< [apiv2][body] GET https://cloudresourcemanager.googleapis.com/v1/projects/curuka-6367a {"projectNumber":"110891479889","projectId":"curuka-6367a","lifecycleState":"ACTIVE","name":"curuka","labels":{"firebase":"enabled","firebase-core":"disabled"},"createTime":"2026-02-26T00:03:47.631454Z"}
[info] i  functions: preparing codebase default for deployment 
[info] i  functions: ensuring required API cloudfunctions.googleapis.com is enabled... 
[info] i  functions: ensuring required API cloudbuild.googleapis.com is enabled... 
[info] i  artifactregistry: ensuring required API artifactregistry.googleapis.com is enabled... 
[debug] [2026-03-09T22:41:12.363Z] Checked if tokens are valid: true, expires at: 1773098978835
[debug] [2026-03-09T22:41:12.363Z] Checked if tokens are valid: true, expires at: 1773098978835
[debug] [2026-03-09T22:41:12.363Z] >>> [apiv2][query] GET https://firebase.googleapis.com/v1beta1/projects/curuka-6367a/adminSdkConfig [none]
[debug] [2026-03-09T22:41:12.827Z] <<< [apiv2][status] GET https://firebase.googleapis.com/v1beta1/projects/curuka-6367a/adminSdkConfig 200
[debug] [2026-03-09T22:41:12.827Z] <<< [apiv2][body] GET https://firebase.googleapis.com/v1beta1/projects/curuka-6367a/adminSdkConfig {"projectId":"curuka-6367a","storageBucket":"curuka-6367a.firebasestorage.app"}
[debug] [2026-03-09T22:41:12.828Z] Checked if tokens are valid: true, expires at: 1773098978835
[debug] [2026-03-09T22:41:12.828Z] Checked if tokens are valid: true, expires at: 1773098978835
[debug] [2026-03-09T22:41:12.828Z] >>> [apiv2][query] GET https://runtimeconfig.googleapis.com/v1beta1/projects/curuka-6367a/configs [none]
[debug] [2026-03-09T22:41:13.948Z] <<< [apiv2][status] GET https://runtimeconfig.googleapis.com/v1beta1/projects/curuka-6367a/configs 200
[debug] [2026-03-09T22:41:13.948Z] <<< [apiv2][body] GET https://runtimeconfig.googleapis.com/v1beta1/projects/curuka-6367a/configs {}
[debug] [2026-03-09T22:41:13.949Z] Validating nodejs source
[warn] !  functions: Runtime Node.js 20 will be deprecated on 2026-04-30 and will be decommissioned on 2026-10-30, after which you will not be able to deploy without upgrading. Consider upgrading now to avoid disruption. See https://cloud.google.com/functions/docs/runtime-support for full details on the lifecycle policy 
[warn] !  functions: package.json indicates an outdated version of firebase-functions. Please upgrade using npm install --save firebase-functions@latest in your functions directory. 
[warn] !  functions: Please note that there will be breaking changes when you upgrade. 
[debug] [2026-03-09T22:41:14.907Z] > [functions] package.json contents: {
  "name": "curuka-functions",
  "private": true,
  "engines": {
    "node": "20"
  },
  "main": "index.js",
  "scripts": {
    "serve": "firebase emulators:start --only functions",
    "deploy": "firebase deploy --only functions",
    "lint": "echo \"No lint configured\"",
    "android": "expo run:android",
    "ios": "expo run:ios"
  },
  "dependencies": {
    "expo": "~54.0.33",
    "expo-server-sdk": "^3.11.0",
    "firebase-admin": "^13.0.0",
    "firebase-functions": "^6.0.1",
    "node-fetch": "^2.7.0",
    "react": "19.1.0",
    "react-native": "0.81.5"
  },
  "version": "1.0.0"
}
[debug] [2026-03-09T22:41:14.907Z] Building nodejs source
[info] i  functions: Loading and analyzing source code for codebase default to determine what to deploy 
[debug] [2026-03-09T22:41:14.908Z] Could not find functions.yaml. Must use http discovery
[debug] [2026-03-09T22:41:14.920Z] Found firebase-functions binary at 'D:\dev\curuka-mvp2\functions\node_modules\.bin\firebase-functions'
[info] Serving at port 8192

[debug] [2026-03-09T22:41:15.634Z] Got response from /__/functions.yaml {"endpoints":{"sendChildEventPush":{"availableMemoryMb":null,"timeoutSeconds":null,"minInstances":null,"maxInstances":null,"ingressSettings":null,"concurrency":null,"serviceAccountEmail":null,"vpc":null,"platform":"gcfv2","labels":{},"eventTrigger":{"eventType":"google.cloud.firestore.document.v1.created","eventFilters":{"database":"(default)","namespace":"(default)"},"eventFilterPathPatterns":{"document":"childEvents/{eventId}"},"retry":false},"entryPoint":"sendChildEventPush"}},"specVersion":"v1alpha1","requiredAPIs":[],"extensions":{}}
[info] i  extensions: ensuring required API firebaseextensions.googleapis.com is enabled... 
[debug] [2026-03-09T22:41:19.669Z] > command requires scopes: ["email","openid","https://www.googleapis.com/auth/cloudplatformprojects.readonly","https://www.googleapis.com/auth/firebase","https://www.googleapis.com/auth/cloud-platform"]
[debug] [2026-03-09T22:41:19.670Z] > authorizing via signed-in user (carlospessin@gmail.com)
[debug] [2026-03-09T22:41:19.670Z] [iam] checking project curuka-6367a for permissions ["firebase.projects.get","firebaseextensions.instances.list"]
[debug] [2026-03-09T22:41:19.670Z] Checked if tokens are valid: true, expires at: 1773098978835
[debug] [2026-03-09T22:41:19.670Z] Checked if tokens are valid: true, expires at: 1773098978835
[debug] [2026-03-09T22:41:19.670Z] >>> [apiv2][query] POST https://cloudresourcemanager.googleapis.com/v1/projects/curuka-6367a:testIamPermissions [none]
[debug] [2026-03-09T22:41:19.670Z] >>> [apiv2][(partial)header] POST https://cloudresourcemanager.googleapis.com/v1/projects/curuka-6367a:testIamPermissions  x-goog-user-project=curuka-6367a
[debug] [2026-03-09T22:41:19.670Z] >>> [apiv2][body] POST https://cloudresourcemanager.googleapis.com/v1/projects/curuka-6367a:testIamPermissions {"permissions":["firebase.projects.get","firebaseextensions.instances.list"]}
[debug] [2026-03-09T22:41:20.526Z] <<< [apiv2][status] POST https://cloudresourcemanager.googleapis.com/v1/projects/curuka-6367a:testIamPermissions 200
[debug] [2026-03-09T22:41:20.526Z] <<< [apiv2][body] POST https://cloudresourcemanager.googleapis.com/v1/projects/curuka-6367a:testIamPermissions {"permissions":["firebase.projects.get","firebaseextensions.instances.list"]}
[debug] [2026-03-09T22:41:20.527Z] Checked if tokens are valid: true, expires at: 1773098978835
[debug] [2026-03-09T22:41:20.527Z] Checked if tokens are valid: true, expires at: 1773098978835
[debug] [2026-03-09T22:41:20.527Z] >>> [apiv2][query] GET https://firebaseextensions.googleapis.com/v1beta/projects/curuka-6367a/instances pageSize=100&pageToken=
[debug] [2026-03-09T22:41:21.608Z] <<< [apiv2][status] GET https://firebaseextensions.googleapis.com/v1beta/projects/curuka-6367a/instances 200
[debug] [2026-03-09T22:41:21.608Z] <<< [apiv2][body] GET https://firebaseextensions.googleapis.com/v1beta/projects/curuka-6367a/instances {}
[info] i  functions: preparing functions directory for uploading... 
[info] i  functions: packaged D:\dev\curuka-mvp2\functions (390.94 KB) for uploading 
[debug] [2026-03-09T22:41:21.717Z] Checked if tokens are valid: true, expires at: 1773098978835
[debug] [2026-03-09T22:41:21.717Z] Checked if tokens are valid: true, expires at: 1773098978835
[debug] [2026-03-09T22:41:21.717Z] >>> [apiv2][query] GET https://cloudfunctions.googleapis.com/v1/projects/curuka-6367a/locations/-/functions [none]
[debug] [2026-03-09T22:41:22.586Z] <<< [apiv2][status] GET https://cloudfunctions.googleapis.com/v1/projects/curuka-6367a/locations/-/functions 200
[debug] [2026-03-09T22:41:22.586Z] <<< [apiv2][body] GET https://cloudfunctions.googleapis.com/v1/projects/curuka-6367a/locations/-/functions {}
[debug] [2026-03-09T22:41:22.586Z] Checked if tokens are valid: true, expires at: 1773098978835
[debug] [2026-03-09T22:41:22.586Z] Checked if tokens are valid: true, expires at: 1773098978835
[debug] [2026-03-09T22:41:22.587Z] >>> [apiv2][query] GET https://cloudfunctions.googleapis.com/v2/projects/curuka-6367a/locations/-/functions filter=environment%3D%22GEN_2%22
[debug] [2026-03-09T22:41:24.097Z] <<< [apiv2][status] GET https://cloudfunctions.googleapis.com/v2/projects/curuka-6367a/locations/-/functions 200
[debug] [2026-03-09T22:41:24.097Z] <<< [apiv2][body] GET https://cloudfunctions.googleapis.com/v2/projects/curuka-6367a/locations/-/functions {"functions":[{"name":"projects/curuka-6367a/locations/us-central1/functions/sendChildEventPush","buildConfig":{"build":"projects/110891479889/locations/us-central1/builds/387075b2-8ffe-4644-ac97-d11166eecd89","runtime":"nodejs20","entryPoint":"sendChildEventPush","source":{"storageSource":{"bucket":"gcf-v2-sources-110891479889-us-central1","object":"sendChildEventPush/function-source.zip","generation":"1773095408328816"}},"environmentVariables":{"GOOGLE_NODE_RUN_SCRIPTS":""},"dockerRepository":"projects/curuka-6367a/locations/us-central1/repositories/gcf-artifacts","sourceProvenance":{"resolvedStorageSource":{"bucket":"gcf-v2-sources-110891479889-us-central1","object":"sendChildEventPush/function-source.zip","generation":"1773095408328816"}},"dockerRegistry":"ARTIFACT_REGISTRY","serviceAccount":"projects/curuka-6367a/serviceAccounts/110891479889-compute@developer.gserviceaccount.com","automaticUpdatePolicy":{}},"serviceConfig":{"service":"projects/curuka-6367a/locations/us-central1/services/sendchildeventpush","timeoutSeconds":60,"environmentVariables":{"FIREBASE_CONFIG":"{\"projectId\":\"curuka-6367a\",\"storageBucket\":\"curuka-6367a.firebasestorage.app\"}","GCLOUD_PROJECT":"curuka-6367a","EVENTARC_CLOUD_EVENT_SOURCE":"projects/curuka-6367a/locations/us-central1/services/sendChildEventPush","FUNCTION_SIGNATURE_TYPE":"cloudevent","FUNCTION_TARGET":"sendChildEventPush","LOG_EXECUTION_ID":"true"},"maxInstanceCount":20,"ingressSettings":"ALLOW_ALL","uri":"https://sendchildeventpush-5azvag65ja-uc.a.run.app","serviceAccountEmail":"110891479889-compute@developer.gserviceaccount.com","availableMemory":"256Mi","allTrafficOnLatestRevision":true,"revision":"sendchildeventpush-00003-zez","maxInstanceRequestConcurrency":80,"availableCpu":"1"},"eventTrigger":{"trigger":"projects/curuka-6367a/locations/nam5/triggers/sendchildeventpush-282297","triggerRegion":"nam5","eventType":"google.cloud.firestore.document.v1.created","eventFilters":[{"attribute":"namespace","value":"(default)"},{"attribute":"document","value":"childEvents/{eventId}","operator":"match-path-pattern"},{"attribute":"database","value":"(default)"}],"pubsubTopic":"projects/curuka-6367a/topics/eventarc-nam5-sendchildeventpush-282297-269","serviceAccountEmail":"110891479889-compute@developer.gserviceaccount.com","retryPolicy":"RETRY_POLICY_DO_NOT_RETRY"},"state":"ACTIVE","updateTime":"2026-03-09T22:31:40.513352702Z","labels":{"deployment-tool":"cli-firebase","firebase-functions-hash":"bb442ec59fab9f1e0e9acea845e8d5e252780a88"},"environment":"GEN_2","url":"https://us-central1-curuka-6367a.cloudfunctions.net/sendChildEventPush","createTime":"2026-03-09T18:07:28.292913150Z","satisfiesPzi":true}]}
[debug] [2026-03-09T22:41:24.099Z] Checked if tokens are valid: true, expires at: 1773098978835
[debug] [2026-03-09T22:41:24.099Z] Checked if tokens are valid: true, expires at: 1773098978835
[debug] [2026-03-09T22:41:24.099Z] >>> [apiv2][query] GET https://firestore.googleapis.com/v1/projects/curuka-6367a/databases/(default) [none]
[debug] [2026-03-09T22:41:25.075Z] <<< [apiv2][status] GET https://firestore.googleapis.com/v1/projects/curuka-6367a/databases/(default) 200
[debug] [2026-03-09T22:41:25.076Z] <<< [apiv2][body] GET https://firestore.googleapis.com/v1/projects/curuka-6367a/databases/(default) {"name":"projects/curuka-6367a/databases/(default)","uid":"545908df-345d-466d-9586-ec46bb8e03d2","createTime":"2026-02-26T00:42:50.123308Z","updateTime":"2026-02-26T00:42:50.123308Z","locationId":"nam5","type":"FIRESTORE_NATIVE","concurrencyMode":"PESSIMISTIC","versionRetentionPeriod":"3600s","earliestVersionTime":"2026-03-09T21:41:24.076518Z","appEngineIntegrationMode":"DISABLED","keyPrefix":"s","pointInTimeRecoveryEnablement":"POINT_IN_TIME_RECOVERY_DISABLED","deleteProtectionState":"DELETE_PROTECTION_DISABLED","databaseEdition":"STANDARD","freeTier":true,"realtimeUpdatesMode":"REALTIME_UPDATES_MODE_ENABLED","etag":"IL7s+dHxk5MDMLbrvdj29ZID"}
[info] i  functions: ensuring required API run.googleapis.com is enabled... 
[info] i  functions: ensuring required API eventarc.googleapis.com is enabled... 
[info] i  functions: ensuring required API pubsub.googleapis.com is enabled... 
[info] i  functions: ensuring required API storage.googleapis.com is enabled... 
[info] i  functions: generating the service identity for pubsub.googleapis.com... 
[debug] [2026-03-09T22:41:25.081Z] Checked if tokens are valid: true, expires at: 1773098978835
[debug] [2026-03-09T22:41:25.081Z] Checked if tokens are valid: true, expires at: 1773098978835
[info] i  functions: generating the service identity for eventarc.googleapis.com... 
[debug] [2026-03-09T22:41:25.081Z] Checked if tokens are valid: true, expires at: 1773098978835
[debug] [2026-03-09T22:41:25.081Z] Checked if tokens are valid: true, expires at: 1773098978835
[debug] [2026-03-09T22:41:25.081Z] >>> [apiv2][query] POST https://serviceusage.googleapis.com/v1beta1/projects/110891479889/services/pubsub.googleapis.com:generateServiceIdentity [none]
[debug] [2026-03-09T22:41:25.081Z] >>> [apiv2][(partial)header] POST https://serviceusage.googleapis.com/v1beta1/projects/110891479889/services/pubsub.googleapis.com:generateServiceIdentity  x-goog-user-project=110891479889
[debug] [2026-03-09T22:41:25.081Z] >>> [apiv2][body] POST https://serviceusage.googleapis.com/v1beta1/projects/110891479889/services/pubsub.googleapis.com:generateServiceIdentity {}
[debug] [2026-03-09T22:41:25.082Z] >>> [apiv2][query] POST https://serviceusage.googleapis.com/v1beta1/projects/110891479889/services/eventarc.googleapis.com:generateServiceIdentity [none]
[debug] [2026-03-09T22:41:25.082Z] >>> [apiv2][(partial)header] POST https://serviceusage.googleapis.com/v1beta1/projects/110891479889/services/eventarc.googleapis.com:generateServiceIdentity  x-goog-user-project=110891479889
[debug] [2026-03-09T22:41:25.082Z] >>> [apiv2][body] POST https://serviceusage.googleapis.com/v1beta1/projects/110891479889/services/eventarc.googleapis.com:generateServiceIdentity {}
[debug] [2026-03-09T22:41:26.215Z] <<< [apiv2][status] POST https://serviceusage.googleapis.com/v1beta1/projects/110891479889/services/eventarc.googleapis.com:generateServiceIdentity 200
[debug] [2026-03-09T22:41:26.216Z] <<< [apiv2][body] POST https://serviceusage.googleapis.com/v1beta1/projects/110891479889/services/eventarc.googleapis.com:generateServiceIdentity {"name":"operations/finished.DONE_OPERATION","done":true,"response":{"@type":"type.googleapis.com/google.api.serviceusage.v1beta1.ServiceIdentity","email":"service-110891479889@gcp-sa-eventarc.iam.gserviceaccount.com","uniqueId":"118102722866242425734"}}
[debug] [2026-03-09T22:41:26.231Z] <<< [apiv2][status] POST https://serviceusage.googleapis.com/v1beta1/projects/110891479889/services/pubsub.googleapis.com:generateServiceIdentity 200
[debug] [2026-03-09T22:41:26.231Z] <<< [apiv2][body] POST https://serviceusage.googleapis.com/v1beta1/projects/110891479889/services/pubsub.googleapis.com:generateServiceIdentity {"name":"operations/finished.DONE_OPERATION","done":true,"response":{"@type":"type.googleapis.com/google.api.serviceusage.v1beta1.ServiceIdentity","email":"service-110891479889@gcp-sa-pubsub.iam.gserviceaccount.com","uniqueId":"104187056973205499298"}}
[debug] [2026-03-09T22:41:26.234Z] Checked if tokens are valid: true, expires at: 1773098978835
[debug] [2026-03-09T22:41:26.234Z] Checked if tokens are valid: true, expires at: 1773098978835
[debug] [2026-03-09T22:41:26.234Z] >>> [apiv2][query] GET https://cloudresourcemanager.googleapis.com/v1/projects/curuka-6367a [none]
[debug] [2026-03-09T22:41:27.100Z] <<< [apiv2][status] GET https://cloudresourcemanager.googleapis.com/v1/projects/curuka-6367a 200
[debug] [2026-03-09T22:41:27.100Z] <<< [apiv2][body] GET https://cloudresourcemanager.googleapis.com/v1/projects/curuka-6367a {"projectNumber":"110891479889","projectId":"curuka-6367a","lifecycleState":"ACTIVE","name":"curuka","labels":{"firebase":"enabled","firebase-core":"disabled"},"createTime":"2026-02-26T00:03:47.631454Z"}
[debug] [2026-03-09T22:41:27.101Z] Checked if tokens are valid: true, expires at: 1773098978835
[debug] [2026-03-09T22:41:27.101Z] Checked if tokens are valid: true, expires at: 1773098978835
[debug] [2026-03-09T22:41:27.101Z] >>> [apiv2][query] GET https://compute.googleapis.com/compute/v1/projects/110891479889 [none]
[debug] [2026-03-09T22:41:27.526Z] <<< [apiv2][status] GET https://compute.googleapis.com/compute/v1/projects/110891479889 403
[debug] [2026-03-09T22:41:27.526Z] <<< [apiv2][body] GET https://compute.googleapis.com/compute/v1/projects/110891479889 {"error":{"code":403,"message":"Compute Engine API has not been used in project 110891479889 before or it is disabled. Enable it by visiting https://console.developers.google.com/apis/api/compute.googleapis.com/overview?project=110891479889 then retry. If you enabled this API recently, wait a few minutes for the action to propagate to our systems and retry.","errors":[{"message":"Compute Engine API has not been used in project 110891479889 before or it is disabled. Enable it by visiting https://console.developers.google.com/apis/api/compute.googleapis.com/overview?project=110891479889 then retry. If you enabled this API recently, wait a few minutes for the action to propagate to our systems and retry.","domain":"usageLimits","reason":"accessNotConfigured","extendedHelp":"https://console.developers.google.com"}],"status":"PERMISSION_DENIED","details":[{"@type":"type.googleapis.com/google.rpc.ErrorInfo","reason":"SERVICE_DISABLED","domain":"googleapis.com","metadata":{"service":"compute.googleapis.com","consumer":"projects/110891479889","activationUrl":"https://console.developers.google.com/apis/api/compute.googleapis.com/overview?project=110891479889","serviceTitle":"Compute Engine API","containerInfo":"110891479889"}},{"@type":"type.googleapis.com/google.rpc.LocalizedMessage","locale":"en-US","message":"Compute Engine API has not been used in project 110891479889 before or it is disabled. Enable it by visiting https://console.developers.google.com/apis/api/compute.googleapis.com/overview?project=110891479889 then retry. If you enabled this API recently, wait a few minutes for the action to propagate to our systems and retry."},{"@type":"type.googleapis.com/google.rpc.Help","links":[{"description":"Google developers console API activation","url":"https://console.developers.google.com/apis/api/compute.googleapis.com/overview?project=110891479889"}]}]}}
[debug] [2026-03-09T22:41:27.526Z] unable to look up default compute service account. Falling back to 110891479889-compute@developer.gserviceaccount.com. Error: {"name":"FirebaseError","children":[],"context":{"body":{"error":{"code":403,"message":"Compute Engine API has not been used in project 110891479889 before or it is disabled. Enable it by visiting https://console.developers.google.com/apis/api/compute.googleapis.com/overview?project=110891479889 then retry. If you enabled this API recently, wait a few minutes for the action to propagate to our systems and retry.","errors":[{"message":"Compute Engine API has not been used in project 110891479889 before or it is disabled. Enable it by visiting https://console.developers.google.com/apis/api/compute.googleapis.com/overview?project=110891479889 then retry. If you enabled this API recently, wait a few minutes for the action to propagate to our systems and retry.","domain":"usageLimits","reason":"accessNotConfigured","extendedHelp":"https://console.developers.google.com"}],"status":"PERMISSION_DENIED","details":[{"@type":"type.googleapis.com/google.rpc.ErrorInfo","reason":"SERVICE_DISABLED","domain":"googleapis.com","metadata":{"service":"compute.googleapis.com","consumer":"projects/110891479889","activationUrl":"https://console.developers.google.com/apis/api/compute.googleapis.com/overview?project=110891479889","serviceTitle":"Compute Engine API","containerInfo":"110891479889"}},{"@type":"type.googleapis.com/google.rpc.LocalizedMessage","locale":"en-US","message":"Compute Engine API has not been used in project 110891479889 before or it is disabled. Enable it by visiting https://console.developers.google.com/apis/api/compute.googleapis.com/overview?project=110891479889 then retry. If you enabled this API recently, wait a few minutes for the action to propagate to our systems and retry."},{"@type":"type.googleapis.com/google.rpc.Help","links":[{"description":"Google developers console API activation","url":"https://console.developers.google.com/apis/api/compute.googleapis.com/overview?project=110891479889"}]}]}},"response":{"statusCode":403}},"exit":1,"message":"Request to https://compute.googleapis.com/compute/v1/projects/110891479889 had HTTP Error: 403, Compute Engine API has not been used in project 110891479889 before or it is disabled. Enable it by visiting https://console.developers.google.com/apis/api/compute.googleapis.com/overview?project=110891479889 then retry. If you enabled this API recently, wait a few minutes for the action to propagate to our systems and retry.","status":403}
[debug] [2026-03-09T22:41:27.528Z] Checked if tokens are valid: true, expires at: 1773098978835
[debug] [2026-03-09T22:41:27.528Z] Checked if tokens are valid: true, expires at: 1773098978835
[debug] [2026-03-09T22:41:27.528Z] >>> [apiv2][query] GET https://cloudbilling.googleapis.com/v1/projects/curuka-6367a/billingInfo [none]
[debug] [2026-03-09T22:41:28.819Z] <<< [apiv2][status] GET https://cloudbilling.googleapis.com/v1/projects/curuka-6367a/billingInfo 200
[debug] [2026-03-09T22:41:28.819Z] <<< [apiv2][body] GET https://cloudbilling.googleapis.com/v1/projects/curuka-6367a/billingInfo {"name":"projects/curuka-6367a/billingInfo","projectId":"curuka-6367a","billingAccountName":"billingAccounts/0198D3-4E874A-B66987","billingEnabled":true}
[debug] [2026-03-09T22:41:28.820Z] Checked if tokens are valid: true, expires at: 1773098978835
[debug] [2026-03-09T22:41:28.820Z] Checked if tokens are valid: true, expires at: 1773098978835
[debug] [2026-03-09T22:41:28.820Z] >>> [apiv2][query] POST https://cloudfunctions.googleapis.com/v2/projects/curuka-6367a/locations/us-central1/functions:generateUploadUrl [none]
[debug] [2026-03-09T22:41:29.282Z] <<< [apiv2][status] POST https://cloudfunctions.googleapis.com/v2/projects/curuka-6367a/locations/us-central1/functions:generateUploadUrl 200
[debug] [2026-03-09T22:41:29.282Z] <<< [apiv2][body] POST https://cloudfunctions.googleapis.com/v2/projects/curuka-6367a/locations/us-central1/functions:generateUploadUrl {"uploadUrl":"https://storage.googleapis.com/gcf-v2-uploads-110891479889.us-central1.cloudfunctions.appspot.com/ef5ffaf3-8600-46c0-844d-0fb58d695d18.zip?GoogleAccessId=service-110891479889@gcf-admin-robot.iam.gserviceaccount.com&Expires=1773097888&Signature=baKKOnUTkp7SzmDxEmoUV4VZixEFcVdaBTBOic7OshnprMFhqmWVrMc%2BwjVma73woPzUPTYefV%2FooT%2BBg1fm4qHoun%2F8vu7V6Q8e2M8%2BR%2BmrjRENc56lZR%2BfRqB7pHCSL76xvBIEIApbu%2B7hm05wexrcmePmy%2BzSpjWftINJhgTe2Aeo1RFdkUz3H98KD5Zn5XDPloTOfb8hrw1B%2FJKR4Mg8MMH55rRX2T6oGMofgz8ChOTZpcCGk4KwvoPxRsgd%2Buf6sELNIxC%2F8%2FTBOgDCV2iGs%2B7Tb6FYUKcPyn7UhoAL%2FQLFPDTo7p4jsqoZ7w9QUctK8F04xscEnHjNovEtJQ%3D%3D","storageSource":{"bucket":"gcf-v2-uploads-110891479889.us-central1.cloudfunctions.appspot.com","object":"ef5ffaf3-8600-46c0-844d-0fb58d695d18.zip"}}
[debug] [2026-03-09T22:41:29.283Z] >>> [apiv2][query] PUT https://storage.googleapis.com/gcf-v2-uploads-110891479889.us-central1.cloudfunctions.appspot.com/ef5ffaf3-8600-46c0-844d-0fb58d695d18.zip GoogleAccessId=service-110891479889%40gcf-admin-robot.iam.gserviceaccount.com&Expires=1773097888&Signature=baKKOnUTkp7SzmDxEmoUV4VZixEFcVdaBTBOic7OshnprMFhqmWVrMc%2BwjVma73woPzUPTYefV%2FooT%2BBg1fm4qHoun%2F8vu7V6Q8e2M8%2BR%2BmrjRENc56lZR%2BfRqB7pHCSL76xvBIEIApbu%2B7hm05wexrcmePmy%2BzSpjWftINJhgTe2Aeo1RFdkUz3H98KD5Zn5XDPloTOfb8hrw1B%2FJKR4Mg8MMH55rRX2T6oGMofgz8ChOTZpcCGk4KwvoPxRsgd%2Buf6sELNIxC%2F8%2FTBOgDCV2iGs%2B7Tb6FYUKcPyn7UhoAL%2FQLFPDTo7p4jsqoZ7w9QUctK8F04xscEnHjNovEtJQ%3D%3D
[debug] [2026-03-09T22:41:29.283Z] >>> [apiv2][body] PUT https://storage.googleapis.com/gcf-v2-uploads-110891479889.us-central1.cloudfunctions.appspot.com/ef5ffaf3-8600-46c0-844d-0fb58d695d18.zip [stream]
[debug] [2026-03-09T22:41:31.094Z] <<< [apiv2][status] PUT https://storage.googleapis.com/gcf-v2-uploads-110891479889.us-central1.cloudfunctions.appspot.com/ef5ffaf3-8600-46c0-844d-0fb58d695d18.zip 200
[debug] [2026-03-09T22:41:31.094Z] <<< [apiv2][body] PUT https://storage.googleapis.com/gcf-v2-uploads-110891479889.us-central1.cloudfunctions.appspot.com/ef5ffaf3-8600-46c0-844d-0fb58d695d18.zip [omitted]
[info] +  functions: functions source uploaded successfully 
[info] i  functions: updating Node.js 20 (2nd Gen) function sendChildEventPush(us-central1)... 
[debug] [2026-03-09T22:41:31.098Z] Checked if tokens are valid: true, expires at: 1773098978835
[debug] [2026-03-09T22:41:31.098Z] Checked if tokens are valid: true, expires at: 1773098978835
[debug] [2026-03-09T22:41:31.099Z] >>> [apiv2][query] PATCH https://cloudfunctions.googleapis.com/v2/projects/curuka-6367a/locations/us-central1/functions/sendChildEventPush updateMask=name%2CbuildConfig.runtime%2CbuildConfig.entryPoint%2CbuildConfig.source.storageSource.bucket%2CbuildConfig.source.storageSource.object%2CbuildConfig.environmentVariables%2CbuildConfig.sourceToken%2CserviceConfig.environmentVariables%2CserviceConfig.ingressSettings%2CserviceConfig.timeoutSeconds%2CserviceConfig.serviceAccountEmail%2CserviceConfig.availableMemory%2CserviceConfig.minInstanceCount%2CserviceConfig.maxInstanceCount%2CserviceConfig.maxInstanceRequestConcurrency%2CserviceConfig.availableCpu%2CserviceConfig.vpcConnector%2CserviceConfig.vpcConnectorEgressSettings%2Clabels%2CeventTrigger.eventType%2CeventTrigger.retryPolicy%2CeventTrigger.eventFilters%2CeventTrigger.triggerRegion
[debug] [2026-03-09T22:41:31.099Z] >>> [apiv2][body] PATCH https://cloudfunctions.googleapis.com/v2/projects/curuka-6367a/locations/us-central1/functions/sendChildEventPush {"name":"projects/curuka-6367a/locations/us-central1/functions/sendChildEventPush","buildConfig":{"runtime":"nodejs20","entryPoint":"sendChildEventPush","source":{"storageSource":{"bucket":"gcf-v2-uploads-110891479889.us-central1.cloudfunctions.appspot.com","object":"ef5ffaf3-8600-46c0-844d-0fb58d695d18.zip"}},"environmentVariables":{"GOOGLE_NODE_RUN_SCRIPTS":""}},"serviceConfig":{"environmentVariables":{"FIREBASE_CONFIG":"{\"projectId\":\"curuka-6367a\",\"storageBucket\":\"curuka-6367a.firebasestorage.app\"}","GCLOUD_PROJECT":"curuka-6367a","EVENTARC_CLOUD_EVENT_SOURCE":"projects/curuka-6367a/locations/us-central1/services/sendChildEventPush","FUNCTION_SIGNATURE_TYPE":"cloudevent","FUNCTION_TARGET":"sendChildEventPush","LOG_EXECUTION_ID":"true"},"ingressSettings":null,"timeoutSeconds":null,"serviceAccountEmail":null,"availableMemory":"256Mi","minInstanceCount":null,"maxInstanceCount":null,"maxInstanceRequestConcurrency":80,"availableCpu":"1","vpcConnector":null,"vpcConnectorEgressSettings":null},"labels":{"deployment-tool":"cli-firebase","firebase-functions-hash":"9e65b0e45af9d1414d7251419940198bffb96cb5"},"eventTrigger":{"eventType":"google.cloud.firestore.document.v1.created","retryPolicy":"RETRY_POLICY_DO_NOT_RETRY","eventFilters":[{"attribute":"database","value":"(default)"},{"attribute":"namespace","value":"(default)"},{"attribute":"document","value":"childEvents/{eventId}","operator":"match-path-pattern"}],"triggerRegion":"nam5"}}
[debug] [2026-03-09T22:41:32.924Z] <<< [apiv2][status] PATCH https://cloudfunctions.googleapis.com/v2/projects/curuka-6367a/locations/us-central1/functions/sendChildEventPush 200
[debug] [2026-03-09T22:41:32.924Z] <<< [apiv2][body] PATCH https://cloudfunctions.googleapis.com/v2/projects/curuka-6367a/locations/us-central1/functions/sendChildEventPush {"name":"projects/curuka-6367a/locations/us-central1/operations/operation-1773096091071-64c9f1aa935da-cb1986b9-ccff87ce","metadata":{"@type":"type.googleapis.com/google.cloud.functions.v2.OperationMetadata","createTime":"2026-03-09T22:41:31.862731902Z","target":"projects/curuka-6367a/locations/us-central1/functions/sendChildEventPush","verb":"update","cancelRequested":false,"apiVersion":"v2"},"done":false}
[debug] [2026-03-09T22:41:32.924Z] Checked if tokens are valid: true, expires at: 1773098978835
[debug] [2026-03-09T22:41:32.924Z] Checked if tokens are valid: true, expires at: 1773098978835
[debug] [2026-03-09T22:41:32.924Z] >>> [apiv2][query] GET https://cloudfunctions.googleapis.com/v2/projects/curuka-6367a/locations/us-central1/operations/operation-1773096091071-64c9f1aa935da-cb1986b9-ccff87ce [none]
[debug] [2026-03-09T22:41:33.866Z] <<< [apiv2][status] GET https://cloudfunctions.googleapis.com/v2/projects/curuka-6367a/locations/us-central1/operations/operation-1773096091071-64c9f1aa935da-cb1986b9-ccff87ce 200
[debug] [2026-03-09T22:41:33.867Z] <<< [apiv2][body] GET https://cloudfunctions.googleapis.com/v2/projects/curuka-6367a/locations/us-central1/operations/operation-1773096091071-64c9f1aa935da-cb1986b9-ccff87ce {"name":"projects/curuka-6367a/locations/us-central1/operations/operation-1773096091071-64c9f1aa935da-cb1986b9-ccff87ce","metadata":{"@type":"type.googleapis.com/google.cloud.functions.v2.OperationMetadata","createTime":"2026-03-09T22:41:31.862731902Z","target":"projects/curuka-6367a/locations/us-central1/functions/sendChildEventPush","verb":"update","cancelRequested":false,"apiVersion":"v2","requestResource":{"@type":"type.googleapis.com/google.cloud.functions.v2.Function","name":"projects/curuka-6367a/locations/us-central1/functions/sendChildEventPush","buildConfig":{"runtime":"nodejs20","entryPoint":"sendChildEventPush","source":{"storageSource":{"bucket":"gcf-v2-sources-110891479889-us-central1","object":"sendChildEventPush/function-source.zip","generation":"1773096091819556"}},"environmentVariables":{"GOOGLE_NODE_RUN_SCRIPTS":""},"dockerRepository":"projects/curuka-6367a/locations/us-central1/repositories/gcf-artifacts","sourceProvenance":{"resolvedStorageSource":{"bucket":"gcf-v2-sources-110891479889-us-central1","object":"sendChildEventPush/function-source.zip","generation":"1773095408328816"}},"dockerRegistry":"ARTIFACT_REGISTRY","serviceAccount":"projects/curuka-6367a/serviceAccounts/110891479889-compute@developer.gserviceaccount.com","automaticUpdatePolicy":{}},"serviceConfig":{"service":"projects/curuka-6367a/locations/us-central1/services/sendchildeventpush","timeoutSeconds":60,"environmentVariables":{"FIREBASE_CONFIG":"{\"projectId\":\"curuka-6367a\",\"storageBucket\":\"curuka-6367a.firebasestorage.app\"}","GCLOUD_PROJECT":"curuka-6367a","EVENTARC_CLOUD_EVENT_SOURCE":"projects/curuka-6367a/locations/us-central1/services/sendChildEventPush","FUNCTION_SIGNATURE_TYPE":"cloudevent","FUNCTION_TARGET":"sendChildEventPush","LOG_EXECUTION_ID":"true"},"ingressSettings":"ALLOW_ALL","uri":"https://sendchildeventpush-5azvag65ja-uc.a.run.app","serviceAccountEmail":"110891479889-compute@developer.gserviceaccount.com","availableMemory":"256Mi","allTrafficOnLatestRevision":true,"revision":"sendchildeventpush-00003-zez","maxInstanceRequestConcurrency":80,"availableCpu":"1"},"eventTrigger":{"trigger":"projects/curuka-6367a/locations/nam5/triggers/sendchildeventpush-282297","triggerRegion":"nam5","eventType":"google.cloud.firestore.document.v1.created","eventFilters":[{"attribute":"database","value":"(default)"},{"attribute":"namespace","value":"(default)"},{"attribute":"document","value":"childEvents/{eventId}","operator":"match-path-pattern"}],"pubsubTopic":"projects/curuka-6367a/topics/eventarc-nam5-sendchildeventpush-282297-269","serviceAccountEmail":"110891479889-compute@developer.gserviceaccount.com","retryPolicy":"RETRY_POLICY_DO_NOT_RETRY"},"state":"ACTIVE","labels":{"deployment-tool":"cli-firebase","firebase-functions-hash":"9e65b0e45af9d1414d7251419940198bffb96cb5"},"environment":"GEN_2","url":"https://us-central1-curuka-6367a.cloudfunctions.net/sendChildEventPush","satisfiesPzi":true},"stages":[{"name":"BUILD","message":"Creating build","state":"IN_PROGRESS","resource":"projects/110891479889/locations/us-central1/builds/ad37e99d-1911-44f2-a00b-7f4187d63282","resourceUri":"https://console.cloud.google.com/cloud-build/builds;region=us-central1/ad37e99d-1911-44f2-a00b-7f4187d63282?project=110891479889"},{"name":"SERVICE","state":"NOT_STARTED"},{"name":"TRIGGER","state":"NOT_STARTED"}],"operationType":"UPDATE_FUNCTION","buildName":"projects/110891479889/locations/us-central1/builds/ad37e99d-1911-44f2-a00b-7f4187d63282"},"done":false}
[debug] [2026-03-09T22:41:34.381Z] [update-default-us-central1-sendChildEventPush] Retrying task index 0
[debug] [2026-03-09T22:41:34.381Z] Checked if tokens are valid: true, expires at: 1773098978835
[debug] [2026-03-09T22:41:34.381Z] Checked if tokens are valid: true, expires at: 1773098978835
[debug] [2026-03-09T22:41:34.381Z] >>> [apiv2][query] GET https://cloudfunctions.googleapis.com/v2/projects/curuka-6367a/locations/us-central1/operations/operation-1773096091071-64c9f1aa935da-cb1986b9-ccff87ce [none]
[debug] [2026-03-09T22:41:35.325Z] <<< [apiv2][status] GET https://cloudfunctions.googleapis.com/v2/projects/curuka-6367a/locations/us-central1/operations/operation-1773096091071-64c9f1aa935da-cb1986b9-ccff87ce 200
[debug] [2026-03-09T22:41:35.325Z] <<< [apiv2][body] GET https://cloudfunctions.googleapis.com/v2/projects/curuka-6367a/locations/us-central1/operations/operation-1773096091071-64c9f1aa935da-cb1986b9-ccff87ce {"name":"projects/curuka-6367a/locations/us-central1/operations/operation-1773096091071-64c9f1aa935da-cb1986b9-ccff87ce","metadata":{"@type":"type.googleapis.com/google.cloud.functions.v2.OperationMetadata","createTime":"2026-03-09T22:41:31.862731902Z","target":"projects/curuka-6367a/locations/us-central1/functions/sendChildEventPush","verb":"update","cancelRequested":false,"apiVersion":"v2","requestResource":{"@type":"type.googleapis.com/google.cloud.functions.v2.Function","name":"projects/curuka-6367a/locations/us-central1/functions/sendChildEventPush","buildConfig":{"runtime":"nodejs20","entryPoint":"sendChildEventPush","source":{"storageSource":{"bucket":"gcf-v2-sources-110891479889-us-central1","object":"sendChildEventPush/function-source.zip","generation":"1773096091819556"}},"environmentVariables":{"GOOGLE_NODE_RUN_SCRIPTS":""},"dockerRepository":"projects/curuka-6367a/locations/us-central1/repositories/gcf-artifacts","sourceProvenance":{"resolvedStorageSource":{"bucket":"gcf-v2-sources-110891479889-us-central1","object":"sendChildEventPush/function-source.zip","generation":"1773095408328816"}},"dockerRegistry":"ARTIFACT_REGISTRY","serviceAccount":"projects/curuka-6367a/serviceAccounts/110891479889-compute@developer.gserviceaccount.com","automaticUpdatePolicy":{}},"serviceConfig":{"service":"projects/curuka-6367a/locations/us-central1/services/sendchildeventpush","timeoutSeconds":60,"environmentVariables":{"FIREBASE_CONFIG":"{\"projectId\":\"curuka-6367a\",\"storageBucket\":\"curuka-6367a.firebasestorage.app\"}","GCLOUD_PROJECT":"curuka-6367a","EVENTARC_CLOUD_EVENT_SOURCE":"projects/curuka-6367a/locations/us-central1/services/sendChildEventPush","FUNCTION_SIGNATURE_TYPE":"cloudevent","FUNCTION_TARGET":"sendChildEventPush","LOG_EXECUTION_ID":"true"},"ingressSettings":"ALLOW_ALL","uri":"https://sendchildeventpush-5azvag65ja-uc.a.run.app","serviceAccountEmail":"110891479889-compute@developer.gserviceaccount.com","availableMemory":"256Mi","allTrafficOnLatestRevision":true,"revision":"sendchildeventpush-00003-zez","maxInstanceRequestConcurrency":80,"availableCpu":"1"},"eventTrigger":{"trigger":"projects/curuka-6367a/locations/nam5/triggers/sendchildeventpush-282297","triggerRegion":"nam5","eventType":"google.cloud.firestore.document.v1.created","eventFilters":[{"attribute":"database","value":"(default)"},{"attribute":"namespace","value":"(default)"},{"attribute":"document","value":"childEvents/{eventId}","operator":"match-path-pattern"}],"pubsubTopic":"projects/curuka-6367a/topics/eventarc-nam5-sendchildeventpush-282297-269","serviceAccountEmail":"110891479889-compute@developer.gserviceaccount.com","retryPolicy":"RETRY_POLICY_DO_NOT_RETRY"},"state":"ACTIVE","labels":{"deployment-tool":"cli-firebase","firebase-functions-hash":"9e65b0e45af9d1414d7251419940198bffb96cb5"},"environment":"GEN_2","url":"https://us-central1-curuka-6367a.cloudfunctions.net/sendChildEventPush","satisfiesPzi":true},"stages":[{"name":"BUILD","message":"Build in progress","state":"IN_PROGRESS","resource":"projects/110891479889/locations/us-central1/builds/ad37e99d-1911-44f2-a00b-7f4187d63282","resourceUri":"https://console.cloud.google.com/cloud-build/builds;region=us-central1/ad37e99d-1911-44f2-a00b-7f4187d63282?project=110891479889"},{"name":"SERVICE","state":"NOT_STARTED"},{"name":"TRIGGER","state":"NOT_STARTED"}],"operationType":"UPDATE_FUNCTION","buildName":"projects/110891479889/locations/us-central1/builds/ad37e99d-1911-44f2-a00b-7f4187d63282"},"done":false}
[debug] [2026-03-09T22:41:36.332Z] [update-default-us-central1-sendChildEventPush] Retrying task index 0
[debug] [2026-03-09T22:41:36.333Z] Checked if tokens are valid: true, expires at: 1773098978835
[debug] [2026-03-09T22:41:36.333Z] Checked if tokens are valid: true, expires at: 1773098978835
[debug] [2026-03-09T22:41:36.333Z] >>> [apiv2][query] GET https://cloudfunctions.googleapis.com/v2/projects/curuka-6367a/locations/us-central1/operations/operation-1773096091071-64c9f1aa935da-cb1986b9-ccff87ce [none]
[debug] [2026-03-09T22:41:37.336Z] <<< [apiv2][status] GET https://cloudfunctions.googleapis.com/v2/projects/curuka-6367a/locations/us-central1/operations/operation-1773096091071-64c9f1aa935da-cb1986b9-ccff87ce 200
[debug] [2026-03-09T22:41:37.337Z] <<< [apiv2][body] GET https://cloudfunctions.googleapis.com/v2/projects/curuka-6367a/locations/us-central1/operations/operation-1773096091071-64c9f1aa935da-cb1986b9-ccff87ce {"name":"projects/curuka-6367a/locations/us-central1/operations/operation-1773096091071-64c9f1aa935da-cb1986b9-ccff87ce","metadata":{"@type":"type.googleapis.com/google.cloud.functions.v2.OperationMetadata","createTime":"2026-03-09T22:41:31.862731902Z","target":"projects/curuka-6367a/locations/us-central1/functions/sendChildEventPush","verb":"update","cancelRequested":false,"apiVersion":"v2","requestResource":{"@type":"type.googleapis.com/google.cloud.functions.v2.Function","name":"projects/curuka-6367a/locations/us-central1/functions/sendChildEventPush","buildConfig":{"runtime":"nodejs20","entryPoint":"sendChildEventPush","source":{"storageSource":{"bucket":"gcf-v2-sources-110891479889-us-central1","object":"sendChildEventPush/function-source.zip","generation":"1773096091819556"}},"environmentVariables":{"GOOGLE_NODE_RUN_SCRIPTS":""},"dockerRepository":"projects/curuka-6367a/locations/us-central1/repositories/gcf-artifacts","sourceProvenance":{"resolvedStorageSource":{"bucket":"gcf-v2-sources-110891479889-us-central1","object":"sendChildEventPush/function-source.zip","generation":"1773095408328816"}},"dockerRegistry":"ARTIFACT_REGISTRY","serviceAccount":"projects/curuka-6367a/serviceAccounts/110891479889-compute@developer.gserviceaccount.com","automaticUpdatePolicy":{}},"serviceConfig":{"service":"projects/curuka-6367a/locations/us-central1/services/sendchildeventpush","timeoutSeconds":60,"environmentVariables":{"FIREBASE_CONFIG":"{\"projectId\":\"curuka-6367a\",\"storageBucket\":\"curuka-6367a.firebasestorage.app\"}","GCLOUD_PROJECT":"curuka-6367a","EVENTARC_CLOUD_EVENT_SOURCE":"projects/curuka-6367a/locations/us-central1/services/sendChildEventPush","FUNCTION_SIGNATURE_TYPE":"cloudevent","FUNCTION_TARGET":"sendChildEventPush","LOG_EXECUTION_ID":"true"},"ingressSettings":"ALLOW_ALL","uri":"https://sendchildeventpush-5azvag65ja-uc.a.run.app","serviceAccountEmail":"110891479889-compute@developer.gserviceaccount.com","availableMemory":"256Mi","allTrafficOnLatestRevision":true,"revision":"sendchildeventpush-00003-zez","maxInstanceRequestConcurrency":80,"availableCpu":"1"},"eventTrigger":{"trigger":"projects/curuka-6367a/locations/nam5/triggers/sendchildeventpush-282297","triggerRegion":"nam5","eventType":"google.cloud.firestore.document.v1.created","eventFilters":[{"attribute":"database","value":"(default)"},{"attribute":"namespace","value":"(default)"},{"attribute":"document","value":"childEvents/{eventId}","operator":"match-path-pattern"}],"pubsubTopic":"projects/curuka-6367a/topics/eventarc-nam5-sendchildeventpush-282297-269","serviceAccountEmail":"110891479889-compute@developer.gserviceaccount.com","retryPolicy":"RETRY_POLICY_DO_NOT_RETRY"},"state":"ACTIVE","labels":{"deployment-tool":"cli-firebase","firebase-functions-hash":"9e65b0e45af9d1414d7251419940198bffb96cb5"},"environment":"GEN_2","url":"https://us-central1-curuka-6367a.cloudfunctions.net/sendChildEventPush","satisfiesPzi":true},"stages":[{"name":"BUILD","message":"Build in progress","state":"IN_PROGRESS","resource":"projects/110891479889/locations/us-central1/builds/ad37e99d-1911-44f2-a00b-7f4187d63282","resourceUri":"https://console.cloud.google.com/cloud-build/builds;region=us-central1/ad37e99d-1911-44f2-a00b-7f4187d63282?project=110891479889"},{"name":"SERVICE","state":"NOT_STARTED"},{"name":"TRIGGER","state":"NOT_STARTED"}],"operationType":"UPDATE_FUNCTION","buildName":"projects/110891479889/locations/us-central1/builds/ad37e99d-1911-44f2-a00b-7f4187d63282"},"done":false}
[debug] [2026-03-09T22:41:39.353Z] [update-default-us-central1-sendChildEventPush] Retrying task index 0
[debug] [2026-03-09T22:41:39.353Z] Checked if tokens are valid: true, expires at: 1773098978835
[debug] [2026-03-09T22:41:39.353Z] Checked if tokens are valid: true, expires at: 1773098978835
[debug] [2026-03-09T22:41:39.353Z] >>> [apiv2][query] GET https://cloudfunctions.googleapis.com/v2/projects/curuka-6367a/locations/us-central1/operations/operation-1773096091071-64c9f1aa935da-cb1986b9-ccff87ce [none]
[debug] [2026-03-09T22:41:39.596Z] <<< [apiv2][status] GET https://cloudfunctions.googleapis.com/v2/projects/curuka-6367a/locations/us-central1/operations/operation-1773096091071-64c9f1aa935da-cb1986b9-ccff87ce 200
[debug] [2026-03-09T22:41:39.597Z] <<< [apiv2][body] GET https://cloudfunctions.googleapis.com/v2/projects/curuka-6367a/locations/us-central1/operations/operation-1773096091071-64c9f1aa935da-cb1986b9-ccff87ce {"name":"projects/curuka-6367a/locations/us-central1/operations/operation-1773096091071-64c9f1aa935da-cb1986b9-ccff87ce","metadata":{"@type":"type.googleapis.com/google.cloud.functions.v2.OperationMetadata","createTime":"2026-03-09T22:41:31.862731902Z","target":"projects/curuka-6367a/locations/us-central1/functions/sendChildEventPush","verb":"update","cancelRequested":false,"apiVersion":"v2","requestResource":{"@type":"type.googleapis.com/google.cloud.functions.v2.Function","name":"projects/curuka-6367a/locations/us-central1/functions/sendChildEventPush","buildConfig":{"runtime":"nodejs20","entryPoint":"sendChildEventPush","source":{"storageSource":{"bucket":"gcf-v2-sources-110891479889-us-central1","object":"sendChildEventPush/function-source.zip","generation":"1773096091819556"}},"environmentVariables":{"GOOGLE_NODE_RUN_SCRIPTS":""},"dockerRepository":"projects/curuka-6367a/locations/us-central1/repositories/gcf-artifacts","sourceProvenance":{"resolvedStorageSource":{"bucket":"gcf-v2-sources-110891479889-us-central1","object":"sendChildEventPush/function-source.zip","generation":"1773095408328816"}},"dockerRegistry":"ARTIFACT_REGISTRY","serviceAccount":"projects/curuka-6367a/serviceAccounts/110891479889-compute@developer.gserviceaccount.com","automaticUpdatePolicy":{}},"serviceConfig":{"service":"projects/curuka-6367a/locations/us-central1/services/sendchildeventpush","timeoutSeconds":60,"environmentVariables":{"FIREBASE_CONFIG":"{\"projectId\":\"curuka-6367a\",\"storageBucket\":\"curuka-6367a.firebasestorage.app\"}","GCLOUD_PROJECT":"curuka-6367a","EVENTARC_CLOUD_EVENT_SOURCE":"projects/curuka-6367a/locations/us-central1/services/sendChildEventPush","FUNCTION_SIGNATURE_TYPE":"cloudevent","FUNCTION_TARGET":"sendChildEventPush","LOG_EXECUTION_ID":"true"},"ingressSettings":"ALLOW_ALL","uri":"https://sendchildeventpush-5azvag65ja-uc.a.run.app","serviceAccountEmail":"110891479889-compute@developer.gserviceaccount.com","availableMemory":"256Mi","allTrafficOnLatestRevision":true,"revision":"sendchildeventpush-00003-zez","maxInstanceRequestConcurrency":80,"availableCpu":"1"},"eventTrigger":{"trigger":"projects/curuka-6367a/locations/nam5/triggers/sendchildeventpush-282297","triggerRegion":"nam5","eventType":"google.cloud.firestore.document.v1.created","eventFilters":[{"attribute":"database","value":"(default)"},{"attribute":"namespace","value":"(default)"},{"attribute":"document","value":"childEvents/{eventId}","operator":"match-path-pattern"}],"pubsubTopic":"projects/curuka-6367a/topics/eventarc-nam5-sendchildeventpush-282297-269","serviceAccountEmail":"110891479889-compute@developer.gserviceaccount.com","retryPolicy":"RETRY_POLICY_DO_NOT_RETRY"},"state":"ACTIVE","labels":{"deployment-tool":"cli-firebase","firebase-functions-hash":"9e65b0e45af9d1414d7251419940198bffb96cb5"},"environment":"GEN_2","url":"https://us-central1-curuka-6367a.cloudfunctions.net/sendChildEventPush","satisfiesPzi":true},"stages":[{"name":"BUILD","message":"Build in progress","state":"IN_PROGRESS","resource":"projects/110891479889/locations/us-central1/builds/ad37e99d-1911-44f2-a00b-7f4187d63282","resourceUri":"https://console.cloud.google.com/cloud-build/builds;region=us-central1/ad37e99d-1911-44f2-a00b-7f4187d63282?project=110891479889"},{"name":"SERVICE","state":"NOT_STARTED"},{"name":"TRIGGER","state":"NOT_STARTED"}],"operationType":"UPDATE_FUNCTION","buildName":"projects/110891479889/locations/us-central1/builds/ad37e99d-1911-44f2-a00b-7f4187d63282"},"done":false}
[debug] [2026-03-09T22:41:43.612Z] [update-default-us-central1-sendChildEventPush] Retrying task index 0
[debug] [2026-03-09T22:41:43.612Z] Checked if tokens are valid: true, expires at: 1773098978835
[debug] [2026-03-09T22:41:43.612Z] Checked if tokens are valid: true, expires at: 1773098978835
[debug] [2026-03-09T22:41:43.612Z] >>> [apiv2][query] GET https://cloudfunctions.googleapis.com/v2/projects/curuka-6367a/locations/us-central1/operations/operation-1773096091071-64c9f1aa935da-cb1986b9-ccff87ce [none]
[debug] [2026-03-09T22:41:44.551Z] <<< [apiv2][status] GET https://cloudfunctions.googleapis.com/v2/projects/curuka-6367a/locations/us-central1/operations/operation-1773096091071-64c9f1aa935da-cb1986b9-ccff87ce 200
[debug] [2026-03-09T22:41:44.551Z] <<< [apiv2][body] GET https://cloudfunctions.googleapis.com/v2/projects/curuka-6367a/locations/us-central1/operations/operation-1773096091071-64c9f1aa935da-cb1986b9-ccff87ce {"name":"projects/curuka-6367a/locations/us-central1/operations/operation-1773096091071-64c9f1aa935da-cb1986b9-ccff87ce","metadata":{"@type":"type.googleapis.com/google.cloud.functions.v2.OperationMetadata","createTime":"2026-03-09T22:41:31.862731902Z","target":"projects/curuka-6367a/locations/us-central1/functions/sendChildEventPush","verb":"update","cancelRequested":false,"apiVersion":"v2","requestResource":{"@type":"type.googleapis.com/google.cloud.functions.v2.Function","name":"projects/curuka-6367a/locations/us-central1/functions/sendChildEventPush","buildConfig":{"runtime":"nodejs20","entryPoint":"sendChildEventPush","source":{"storageSource":{"bucket":"gcf-v2-sources-110891479889-us-central1","object":"sendChildEventPush/function-source.zip","generation":"1773096091819556"}},"environmentVariables":{"GOOGLE_NODE_RUN_SCRIPTS":""},"dockerRepository":"projects/curuka-6367a/locations/us-central1/repositories/gcf-artifacts","sourceProvenance":{"resolvedStorageSource":{"bucket":"gcf-v2-sources-110891479889-us-central1","object":"sendChildEventPush/function-source.zip","generation":"1773095408328816"}},"dockerRegistry":"ARTIFACT_REGISTRY","serviceAccount":"projects/curuka-6367a/serviceAccounts/110891479889-compute@developer.gserviceaccount.com","automaticUpdatePolicy":{}},"serviceConfig":{"service":"projects/curuka-6367a/locations/us-central1/services/sendchildeventpush","timeoutSeconds":60,"environmentVariables":{"FIREBASE_CONFIG":"{\"projectId\":\"curuka-6367a\",\"storageBucket\":\"curuka-6367a.firebasestorage.app\"}","GCLOUD_PROJECT":"curuka-6367a","EVENTARC_CLOUD_EVENT_SOURCE":"projects/curuka-6367a/locations/us-central1/services/sendChildEventPush","FUNCTION_SIGNATURE_TYPE":"cloudevent","FUNCTION_TARGET":"sendChildEventPush","LOG_EXECUTION_ID":"true"},"ingressSettings":"ALLOW_ALL","uri":"https://sendchildeventpush-5azvag65ja-uc.a.run.app","serviceAccountEmail":"110891479889-compute@developer.gserviceaccount.com","availableMemory":"256Mi","allTrafficOnLatestRevision":true,"revision":"sendchildeventpush-00003-zez","maxInstanceRequestConcurrency":80,"availableCpu":"1"},"eventTrigger":{"trigger":"projects/curuka-6367a/locations/nam5/triggers/sendchildeventpush-282297","triggerRegion":"nam5","eventType":"google.cloud.firestore.document.v1.created","eventFilters":[{"attribute":"database","value":"(default)"},{"attribute":"namespace","value":"(default)"},{"attribute":"document","value":"childEvents/{eventId}","operator":"match-path-pattern"}],"pubsubTopic":"projects/curuka-6367a/topics/eventarc-nam5-sendchildeventpush-282297-269","serviceAccountEmail":"110891479889-compute@developer.gserviceaccount.com","retryPolicy":"RETRY_POLICY_DO_NOT_RETRY"},"state":"ACTIVE","labels":{"deployment-tool":"cli-firebase","firebase-functions-hash":"9e65b0e45af9d1414d7251419940198bffb96cb5"},"environment":"GEN_2","url":"https://us-central1-curuka-6367a.cloudfunctions.net/sendChildEventPush","satisfiesPzi":true},"stages":[{"name":"BUILD","message":"Build in progress","state":"IN_PROGRESS","resource":"projects/110891479889/locations/us-central1/builds/ad37e99d-1911-44f2-a00b-7f4187d63282","resourceUri":"https://console.cloud.google.com/cloud-build/builds;region=us-central1/ad37e99d-1911-44f2-a00b-7f4187d63282?project=110891479889"},{"name":"SERVICE","state":"NOT_STARTED"},{"name":"TRIGGER","state":"NOT_STARTED"}],"operationType":"UPDATE_FUNCTION","buildName":"projects/110891479889/locations/us-central1/builds/ad37e99d-1911-44f2-a00b-7f4187d63282"},"done":false}
[debug] [2026-03-09T22:41:52.566Z] [update-default-us-central1-sendChildEventPush] Retrying task index 0
[debug] [2026-03-09T22:41:52.566Z] Checked if tokens are valid: true, expires at: 1773098978835
[debug] [2026-03-09T22:41:52.566Z] Checked if tokens are valid: true, expires at: 1773098978835
[debug] [2026-03-09T22:41:52.566Z] >>> [apiv2][query] GET https://cloudfunctions.googleapis.com/v2/projects/curuka-6367a/locations/us-central1/operations/operation-1773096091071-64c9f1aa935da-cb1986b9-ccff87ce [none]
[debug] [2026-03-09T22:41:53.554Z] <<< [apiv2][status] GET https://cloudfunctions.googleapis.com/v2/projects/curuka-6367a/locations/us-central1/operations/operation-1773096091071-64c9f1aa935da-cb1986b9-ccff87ce 200
[debug] [2026-03-09T22:41:53.554Z] <<< [apiv2][body] GET https://cloudfunctions.googleapis.com/v2/projects/curuka-6367a/locations/us-central1/operations/operation-1773096091071-64c9f1aa935da-cb1986b9-ccff87ce {"name":"projects/curuka-6367a/locations/us-central1/operations/operation-1773096091071-64c9f1aa935da-cb1986b9-ccff87ce","metadata":{"@type":"type.googleapis.com/google.cloud.functions.v2.OperationMetadata","createTime":"2026-03-09T22:41:31.862731902Z","target":"projects/curuka-6367a/locations/us-central1/functions/sendChildEventPush","verb":"update","cancelRequested":false,"apiVersion":"v2","requestResource":{"@type":"type.googleapis.com/google.cloud.functions.v2.Function","name":"projects/curuka-6367a/locations/us-central1/functions/sendChildEventPush","buildConfig":{"runtime":"nodejs20","entryPoint":"sendChildEventPush","source":{"storageSource":{"bucket":"gcf-v2-sources-110891479889-us-central1","object":"sendChildEventPush/function-source.zip","generation":"1773096091819556"}},"environmentVariables":{"GOOGLE_NODE_RUN_SCRIPTS":""},"dockerRepository":"projects/curuka-6367a/locations/us-central1/repositories/gcf-artifacts","sourceProvenance":{"resolvedStorageSource":{"bucket":"gcf-v2-sources-110891479889-us-central1","object":"sendChildEventPush/function-source.zip","generation":"1773095408328816"}},"dockerRegistry":"ARTIFACT_REGISTRY","serviceAccount":"projects/curuka-6367a/serviceAccounts/110891479889-compute@developer.gserviceaccount.com","automaticUpdatePolicy":{}},"serviceConfig":{"service":"projects/curuka-6367a/locations/us-central1/services/sendchildeventpush","timeoutSeconds":60,"environmentVariables":{"FIREBASE_CONFIG":"{\"projectId\":\"curuka-6367a\",\"storageBucket\":\"curuka-6367a.firebasestorage.app\"}","GCLOUD_PROJECT":"curuka-6367a","EVENTARC_CLOUD_EVENT_SOURCE":"projects/curuka-6367a/locations/us-central1/services/sendChildEventPush","FUNCTION_SIGNATURE_TYPE":"cloudevent","FUNCTION_TARGET":"sendChildEventPush","LOG_EXECUTION_ID":"true"},"ingressSettings":"ALLOW_ALL","uri":"https://sendchildeventpush-5azvag65ja-uc.a.run.app","serviceAccountEmail":"110891479889-compute@developer.gserviceaccount.com","availableMemory":"256Mi","allTrafficOnLatestRevision":true,"revision":"sendchildeventpush-00003-zez","maxInstanceRequestConcurrency":80,"availableCpu":"1"},"eventTrigger":{"trigger":"projects/curuka-6367a/locations/nam5/triggers/sendchildeventpush-282297","triggerRegion":"nam5","eventType":"google.cloud.firestore.document.v1.created","eventFilters":[{"attribute":"database","value":"(default)"},{"attribute":"namespace","value":"(default)"},{"attribute":"document","value":"childEvents/{eventId}","operator":"match-path-pattern"}],"pubsubTopic":"projects/curuka-6367a/topics/eventarc-nam5-sendchildeventpush-282297-269","serviceAccountEmail":"110891479889-compute@developer.gserviceaccount.com","retryPolicy":"RETRY_POLICY_DO_NOT_RETRY"},"state":"ACTIVE","labels":{"deployment-tool":"cli-firebase","firebase-functions-hash":"9e65b0e45af9d1414d7251419940198bffb96cb5"},"environment":"GEN_2","url":"https://us-central1-curuka-6367a.cloudfunctions.net/sendChildEventPush","satisfiesPzi":true},"stages":[{"name":"BUILD","message":"Build in progress","state":"IN_PROGRESS","resource":"projects/110891479889/locations/us-central1/builds/ad37e99d-1911-44f2-a00b-7f4187d63282","resourceUri":"https://console.cloud.google.com/cloud-build/builds;region=us-central1/ad37e99d-1911-44f2-a00b-7f4187d63282?project=110891479889"},{"name":"SERVICE","state":"NOT_STARTED"},{"name":"TRIGGER","state":"NOT_STARTED"}],"operationType":"UPDATE_FUNCTION","buildName":"projects/110891479889/locations/us-central1/builds/ad37e99d-1911-44f2-a00b-7f4187d63282"},"done":false}
[debug] [2026-03-09T22:42:03.563Z] [update-default-us-central1-sendChildEventPush] Retrying task index 0
[debug] [2026-03-09T22:42:03.563Z] Checked if tokens are valid: true, expires at: 1773098978835
[debug] [2026-03-09T22:42:03.563Z] Checked if tokens are valid: true, expires at: 1773098978835
[debug] [2026-03-09T22:42:03.563Z] >>> [apiv2][query] GET https://cloudfunctions.googleapis.com/v2/projects/curuka-6367a/locations/us-central1/operations/operation-1773096091071-64c9f1aa935da-cb1986b9-ccff87ce [none]
[debug] [2026-03-09T22:42:04.567Z] <<< [apiv2][status] GET https://cloudfunctions.googleapis.com/v2/projects/curuka-6367a/locations/us-central1/operations/operation-1773096091071-64c9f1aa935da-cb1986b9-ccff87ce 200
[debug] [2026-03-09T22:42:04.567Z] <<< [apiv2][body] GET https://cloudfunctions.googleapis.com/v2/projects/curuka-6367a/locations/us-central1/operations/operation-1773096091071-64c9f1aa935da-cb1986b9-ccff87ce {"name":"projects/curuka-6367a/locations/us-central1/operations/operation-1773096091071-64c9f1aa935da-cb1986b9-ccff87ce","metadata":{"@type":"type.googleapis.com/google.cloud.functions.v2.OperationMetadata","createTime":"2026-03-09T22:41:31.862731902Z","target":"projects/curuka-6367a/locations/us-central1/functions/sendChildEventPush","verb":"update","cancelRequested":false,"apiVersion":"v2","requestResource":{"@type":"type.googleapis.com/google.cloud.functions.v2.Function","name":"projects/curuka-6367a/locations/us-central1/functions/sendChildEventPush","buildConfig":{"runtime":"nodejs20","entryPoint":"sendChildEventPush","source":{"storageSource":{"bucket":"gcf-v2-sources-110891479889-us-central1","object":"sendChildEventPush/function-source.zip","generation":"1773096091819556"}},"environmentVariables":{"GOOGLE_NODE_RUN_SCRIPTS":""},"dockerRepository":"projects/curuka-6367a/locations/us-central1/repositories/gcf-artifacts","sourceProvenance":{"resolvedStorageSource":{"bucket":"gcf-v2-sources-110891479889-us-central1","object":"sendChildEventPush/function-source.zip","generation":"1773095408328816"}},"dockerRegistry":"ARTIFACT_REGISTRY","serviceAccount":"projects/curuka-6367a/serviceAccounts/110891479889-compute@developer.gserviceaccount.com","automaticUpdatePolicy":{}},"serviceConfig":{"service":"projects/curuka-6367a/locations/us-central1/services/sendchildeventpush","timeoutSeconds":60,"environmentVariables":{"FIREBASE_CONFIG":"{\"projectId\":\"curuka-6367a\",\"storageBucket\":\"curuka-6367a.firebasestorage.app\"}","GCLOUD_PROJECT":"curuka-6367a","EVENTARC_CLOUD_EVENT_SOURCE":"projects/curuka-6367a/locations/us-central1/services/sendChildEventPush","FUNCTION_SIGNATURE_TYPE":"cloudevent","FUNCTION_TARGET":"sendChildEventPush","LOG_EXECUTION_ID":"true"},"ingressSettings":"ALLOW_ALL","uri":"https://sendchildeventpush-5azvag65ja-uc.a.run.app","serviceAccountEmail":"110891479889-compute@developer.gserviceaccount.com","availableMemory":"256Mi","allTrafficOnLatestRevision":true,"revision":"sendchildeventpush-00003-zez","maxInstanceRequestConcurrency":80,"availableCpu":"1"},"eventTrigger":{"trigger":"projects/curuka-6367a/locations/nam5/triggers/sendchildeventpush-282297","triggerRegion":"nam5","eventType":"google.cloud.firestore.document.v1.created","eventFilters":[{"attribute":"database","value":"(default)"},{"attribute":"namespace","value":"(default)"},{"attribute":"document","value":"childEvents/{eventId}","operator":"match-path-pattern"}],"pubsubTopic":"projects/curuka-6367a/topics/eventarc-nam5-sendchildeventpush-282297-269","serviceAccountEmail":"110891479889-compute@developer.gserviceaccount.com","retryPolicy":"RETRY_POLICY_DO_NOT_RETRY"},"state":"ACTIVE","labels":{"deployment-tool":"cli-firebase","firebase-functions-hash":"9e65b0e45af9d1414d7251419940198bffb96cb5"},"environment":"GEN_2","url":"https://us-central1-curuka-6367a.cloudfunctions.net/sendChildEventPush","satisfiesPzi":true},"stages":[{"name":"BUILD","message":"Build in progress","state":"IN_PROGRESS","resource":"projects/110891479889/locations/us-central1/builds/ad37e99d-1911-44f2-a00b-7f4187d63282","resourceUri":"https://console.cloud.google.com/cloud-build/builds;region=us-central1/ad37e99d-1911-44f2-a00b-7f4187d63282?project=110891479889"},{"name":"SERVICE","state":"NOT_STARTED"},{"name":"TRIGGER","state":"NOT_STARTED"}],"operationType":"UPDATE_FUNCTION","buildName":"projects/110891479889/locations/us-central1/builds/ad37e99d-1911-44f2-a00b-7f4187d63282"},"done":false}
[debug] [2026-03-09T22:42:14.569Z] [update-default-us-central1-sendChildEventPush] Retrying task index 0
[debug] [2026-03-09T22:42:14.570Z] Checked if tokens are valid: true, expires at: 1773098978835
[debug] [2026-03-09T22:42:14.570Z] Checked if tokens are valid: true, expires at: 1773098978835
[debug] [2026-03-09T22:42:14.570Z] >>> [apiv2][query] GET https://cloudfunctions.googleapis.com/v2/projects/curuka-6367a/locations/us-central1/operations/operation-1773096091071-64c9f1aa935da-cb1986b9-ccff87ce [none]
[debug] [2026-03-09T22:42:15.660Z] <<< [apiv2][status] GET https://cloudfunctions.googleapis.com/v2/projects/curuka-6367a/locations/us-central1/operations/operation-1773096091071-64c9f1aa935da-cb1986b9-ccff87ce 200
[debug] [2026-03-09T22:42:15.660Z] <<< [apiv2][body] GET https://cloudfunctions.googleapis.com/v2/projects/curuka-6367a/locations/us-central1/operations/operation-1773096091071-64c9f1aa935da-cb1986b9-ccff87ce {"name":"projects/curuka-6367a/locations/us-central1/operations/operation-1773096091071-64c9f1aa935da-cb1986b9-ccff87ce","metadata":{"@type":"type.googleapis.com/google.cloud.functions.v2.OperationMetadata","createTime":"2026-03-09T22:41:31.862731902Z","target":"projects/curuka-6367a/locations/us-central1/functions/sendChildEventPush","verb":"update","cancelRequested":false,"apiVersion":"v2","requestResource":{"@type":"type.googleapis.com/google.cloud.functions.v2.Function","name":"projects/curuka-6367a/locations/us-central1/functions/sendChildEventPush","buildConfig":{"runtime":"nodejs20","entryPoint":"sendChildEventPush","source":{"storageSource":{"bucket":"gcf-v2-sources-110891479889-us-central1","object":"sendChildEventPush/function-source.zip","generation":"1773096091819556"}},"environmentVariables":{"GOOGLE_NODE_RUN_SCRIPTS":""},"dockerRepository":"projects/curuka-6367a/locations/us-central1/repositories/gcf-artifacts","sourceProvenance":{"resolvedStorageSource":{"bucket":"gcf-v2-sources-110891479889-us-central1","object":"sendChildEventPush/function-source.zip","generation":"1773095408328816"}},"dockerRegistry":"ARTIFACT_REGISTRY","serviceAccount":"projects/curuka-6367a/serviceAccounts/110891479889-compute@developer.gserviceaccount.com","automaticUpdatePolicy":{}},"serviceConfig":{"service":"projects/curuka-6367a/locations/us-central1/services/sendchildeventpush","timeoutSeconds":60,"environmentVariables":{"FIREBASE_CONFIG":"{\"projectId\":\"curuka-6367a\",\"storageBucket\":\"curuka-6367a.firebasestorage.app\"}","GCLOUD_PROJECT":"curuka-6367a","EVENTARC_CLOUD_EVENT_SOURCE":"projects/curuka-6367a/locations/us-central1/services/sendChildEventPush","FUNCTION_SIGNATURE_TYPE":"cloudevent","FUNCTION_TARGET":"sendChildEventPush","LOG_EXECUTION_ID":"true"},"ingressSettings":"ALLOW_ALL","uri":"https://sendchildeventpush-5azvag65ja-uc.a.run.app","serviceAccountEmail":"110891479889-compute@developer.gserviceaccount.com","availableMemory":"256Mi","allTrafficOnLatestRevision":true,"revision":"sendchildeventpush-00003-zez","maxInstanceRequestConcurrency":80,"availableCpu":"1"},"eventTrigger":{"trigger":"projects/curuka-6367a/locations/nam5/triggers/sendchildeventpush-282297","triggerRegion":"nam5","eventType":"google.cloud.firestore.document.v1.created","eventFilters":[{"attribute":"database","value":"(default)"},{"attribute":"namespace","value":"(default)"},{"attribute":"document","value":"childEvents/{eventId}","operator":"match-path-pattern"}],"pubsubTopic":"projects/curuka-6367a/topics/eventarc-nam5-sendchildeventpush-282297-269","serviceAccountEmail":"110891479889-compute@developer.gserviceaccount.com","retryPolicy":"RETRY_POLICY_DO_NOT_RETRY"},"state":"ACTIVE","labels":{"deployment-tool":"cli-firebase","firebase-functions-hash":"9e65b0e45af9d1414d7251419940198bffb96cb5"},"environment":"GEN_2","url":"https://us-central1-curuka-6367a.cloudfunctions.net/sendChildEventPush","satisfiesPzi":true},"stages":[{"name":"BUILD","message":"Build in progress","state":"IN_PROGRESS","resource":"projects/110891479889/locations/us-central1/builds/ad37e99d-1911-44f2-a00b-7f4187d63282","resourceUri":"https://console.cloud.google.com/cloud-build/builds;region=us-central1/ad37e99d-1911-44f2-a00b-7f4187d63282?project=110891479889"},{"name":"SERVICE","state":"NOT_STARTED"},{"name":"TRIGGER","state":"NOT_STARTED"}],"operationType":"UPDATE_FUNCTION","buildName":"projects/110891479889/locations/us-central1/builds/ad37e99d-1911-44f2-a00b-7f4187d63282"},"done":false}
